2026-06-29 18:39:07.238 [background-preinit] INFO  o.h.validator.internal.util.Version - HV000001: Hibernate Validator 8.0.1.Final
2026-06-29 18:39:07.319 [main] INFO  bbw.lernkarten.Main - Starting Main using Java 21.0.11 with PID 15420 (C:\Users\sergi\Downloads\smartlearn-fixed (1)\smartlearn\target\classes started by sergi in C:\Users\sergi\Downloads\smartlearn-fixed (1)\smartlearn)
2026-06-29 18:39:07.321 [main] DEBUG bbw.lernkarten.Main - Running with Spring Boot v3.2.5, Spring v6.1.6
2026-06-29 18:39:07.322 [main] INFO  bbw.lernkarten.Main - No active profile set, falling back to 1 default profile: "default"
2026-06-29 18:39:09.179 [main] INFO  o.s.b.w.e.tomcat.TomcatWebServer - Tomcat initialized with port 8080 (http)
2026-06-29 18:39:09.196 [main] INFO  o.a.coyote.http11.Http11NioProtocol - Initializing ProtocolHandler ["http-nio-8080"]
2026-06-29 18:39:09.200 [main] INFO  o.a.catalina.core.StandardService - Starting service [Tomcat]
2026-06-29 18:39:09.201 [main] INFO  o.a.catalina.core.StandardEngine - Starting Servlet engine: [Apache Tomcat/10.1.20]
2026-06-29 18:39:09.271 [main] INFO  o.a.c.c.C.[Tomcat].[localhost].[/] - Initializing Spring embedded WebApplicationContext
2026-06-29 18:39:09.272 [main] INFO  o.s.b.w.s.c.ServletWebServerApplicationContext - Root WebApplicationContext: initialization completed in 1847 ms
2026-06-29 18:39:09.422 [main] INFO  b.lernkarten.config.SecurityConfig - SecurityConfig geladen
2026-06-29 18:39:09.923 [main] INFO  o.s.b.a.w.s.WelcomePageHandlerMapping - Adding welcome page: class path resource [static/index.html]
2026-06-29 18:39:10.406 [main] INFO  o.s.s.web.DefaultSecurityFilterChain - Will secure any request with [org.springframework.security.web.session.DisableEncodeUrlFilter@4e3e11b9, org.springframework.security.web.context.request.async.WebAsyncManagerIntegrationFilter@67cffead, org.springframework.security.web.context.SecurityContextPersistenceFilter@4dad0eed, org.springframework.security.web.header.HeaderWriterFilter@2792b416, org.springframework.web.filter.CorsFilter@214beff9, org.springframework.security.web.csrf.CsrfFilter@53d2d002, org.springframework.security.web.savedrequest.RequestCacheAwareFilter@164642a4, org.springframework.security.web.servletapi.SecurityContextHolderAwareRequestFilter@75cf0de5, org.springframework.security.web.authentication.AnonymousAuthenticationFilter@1ff15a50, org.springframework.security.web.access.ExceptionTranslationFilter@2753316c, org.springframework.security.web.access.intercept.AuthorizationFilter@57efc6fd]
2026-06-29 18:39:10.660 [main] INFO  o.a.coyote.http11.Http11NioProtocol - Starting ProtocolHandler ["http-nio-8080"]
2026-06-29 18:39:10.696 [main] INFO  o.s.b.w.e.tomcat.TomcatWebServer - Tomcat started on port 8080 (http) with context path ''
2026-06-29 18:39:10.708 [main] INFO  bbw.lernkarten.Main - Started Main in 4.133 seconds (process running for 4.556)
2026-06-29 18:39:21.793 [http-nio-8080-exec-1] INFO  o.a.c.c.C.[Tomcat].[localhost].[/] - Initializing Spring DispatcherServlet 'dispatcherServlet'
2026-06-29 18:39:21.794 [http-nio-8080-exec-1] INFO  o.s.web.servlet.DispatcherServlet - Initializing Servlet 'dispatcherServlet'
2026-06-29 18:39:21.796 [http-nio-8080-exec-1] INFO  o.s.web.servlet.DispatcherServlet - Completed initialization in 1 ms
2026-06-29 18:39:39.436 [http-nio-8080-exec-9] INFO  b.l.service.LoginAttemptService - Erfolgreicher Login fuer Konto 's***2'
2026-06-29 18:39:39.440 [http-nio-8080-exec-9] INFO  b.l.controller.UserController - Login erfolgreich: smas2
2026-06-29 18:39:45.150 [http-nio-8080-exec-9] INFO  b.l.service.FlashcardService - Neue Lernkarte (id=8) angelegt
2026-06-29 18:40:01.860 [http-nio-8080-exec-2] INFO  b.l.service.FlashcardService - Lernkarte (id=7) geloescht
2026-06-29 18:40:11.021 [http-nio-8080-exec-3] INFO  b.l.service.FlashcardService - Lernkarte (id=8) geloescht
